#
# There is insufficient memory for the Java Runtime Environment to continue.
# Native memory allocation (malloc) failed to allocate 32784 bytes for Chunk::new
# Possible reasons:
#   The system is out of physical RAM or swap space
#   The process is running with CompressedOops enabled, and the Java Heap may be blocking the growth of the native heap
# Possible solutions:
#   Reduce memory load on the system
#   Increase physical memory or swap space
#   Check if swap backing store is full
#   Decrease Java heap size (-Xmx/-Xms)
#   Decrease number of Java threads
#   Decrease Java thread stack sizes (-Xss)
#   Set larger code cache with -XX:ReservedCodeCacheSize=
#   JVM is running with Unscaled Compressed Oops mode in which the Java heap is
#     placed in the first 4GB address space. The Java Heap base address is the
#     maximum limit for the native heap growth. Please use -XX:HeapBaseMinAddress
#     to set the Java Heap base and to place the Java Heap above 4GB virtual address.
# This output file may be truncated or incomplete.
#
#  Out of Memory Error (./src/hotspot/share/memory/arena.cpp:197), pid=9000, tid=12732
#
# JRE version: OpenJDK Runtime Environment Microsoft-7208460 (11.0.18+10) (build 11.0.18+10-LTS)
# Java VM: OpenJDK 64-Bit Server VM Microsoft-7208460 (11.0.18+10-LTS, mixed mode, tiered, compressed oops, g1 gc, windows-amd64)
# No core dump will be written. Minidumps are not enabled by default on client versions of Windows
#

---------------  S U M M A R Y ------------

Command Line: -Xmx64m -Xms64m -Dorg.gradle.appname=gradlew org.gradle.wrapper.GradleWrapperMain app:installDebug -PreactNativeDevServerPort=8081

Host: Intel(R) Core(TM) i5-4570 CPU @ 3.20GHz, 4 cores, 7G,  Windows 10 , 64 bit Build 19041 (10.0.19041.3031)
Time: Sat Jul  8 12:10:41 2023 India Standard Time elapsed time: 1088.084525 seconds (0d 0h 18m 8s)

---------------  T H R E A D  ---------------

Current thread (0x0000024266b15800):  JavaThread "C2 CompilerThread0" daemon [_thread_in_native, id=12732, stack(0x000000c82d300000,0x000000c82d400000)]


Current CompileTask:
C2:1088085 1835   !   4       org.gradle.internal.logging.console.ThrottlingOutputEventListener::onOutput (92 bytes)

Stack: [0x000000c82d300000,0x000000c82d400000]
Native frames: (J=compiled Java code, j=interpreted, Vv=VM code, C=native code)
V  [jvm.dll+0x62bf8a]
V  [jvm.dll+0x7b8fb9]
V  [jvm.dll+0x7ba6a8]
V  [jvm.dll+0x7bad83]
V  [jvm.dll+0x250248]
V  [jvm.dll+0xc260c]
V  [jvm.dll+0xc2bcc]
V  [jvm.dll+0xc271b]
V  [jvm.dll+0x656e02]
V  [jvm.dll+0x20a90d]
V  [jvm.dll+0x2083eb]
V  [jvm.dll+0x18a4b1]
V  [jvm.dll+0x217eec]
V  [jvm.dll+0x21612b]
V  [jvm.dll+0x77bac0]
V  [jvm.dll+0x7749f4]
V  [jvm.dll+0x62adf5]
C  [ucrtbase.dll+0x21bb2]
C  [KERNEL32.DLL+0x17614]
C  [ntdll.dll+0x526f1]


---------------  P R O C E S S  ---------------

Threads class SMR info:
_java_thread_list=0x0000024266fe01c0, length=11, elements={
0x000002424c47e000, 0x0000024266ab2000, 0x0000024266ab3800, 0x0000024266b0e800,
0x0000024266b11800, 0x0000024266b12800, 0x0000024266b15800, 0x0000024266b17000,
0x0000024266b4d800, 0x0000024266da2000, 0x000002426783f800
}

Java Threads: ( => current thread )
  0x000002424c47e000 JavaThread "main" [_thread_in_native, id=12648, stack(0x000000c82c600000,0x000000c82c700000)]
  0x0000024266ab2000 JavaThread "Reference Handler" daemon [_thread_blocked, id=14952, stack(0x000000c82ce00000,0x000000c82cf00000)]
  0x0000024266ab3800 JavaThread "Finalizer" daemon [_thread_blocked, id=13448, stack(0x000000c82cf00000,0x000000c82d000000)]
  0x0000024266b0e800 JavaThread "Signal Dispatcher" daemon [_thread_blocked, id=12836, stack(0x000000c82d000000,0x000000c82d100000)]
  0x0000024266b11800 JavaThread "Attach Listener" daemon [_thread_blocked, id=11456, stack(0x000000c82d100000,0x000000c82d200000)]
  0x0000024266b12800 JavaThread "Service Thread" daemon [_thread_blocked, id=7196, stack(0x000000c82d200000,0x000000c82d300000)]
=>0x0000024266b15800 JavaThread "C2 CompilerThread0" daemon [_thread_in_native, id=12732, stack(0x000000c82d300000,0x000000c82d400000)]
  0x0000024266b17000 JavaThread "C1 CompilerThread0" daemon [_thread_blocked, id=11460, stack(0x000000c82d400000,0x000000c82d500000)]
  0x0000024266b4d800 JavaThread "Sweeper thread" daemon [_thread_blocked, id=11796, stack(0x000000c82d500000,0x000000c82d600000)]
  0x0000024266da2000 JavaThread "Common-Cleaner" daemon [_thread_blocked, id=12880, stack(0x000000c82d700000,0x000000c82d800000)]
  0x000002426783f800 JavaThread "pool-1-thread-1" [_thread_blocked, id=13344, stack(0x000000c82d900000,0x000000c82da00000)]

Other Threads:
  0x0000024266a7a000 VMThread "VM Thread" [stack: 0x000000c82cd00000,0x000000c82ce00000] [id=14644]
  0x0000024266d93000 WatcherThread [stack: 0x000000c82d600000,0x000000c82d700000] [id=11672]
  0x000002424c496800 GCTaskThread "GC Thread#0" [stack: 0x000000c82c800000,0x000000c82c900000] [id=13904]
  0x0000024266fb7000 GCTaskThread "GC Thread#1" [stack: 0x000000c82d800000,0x000000c82d900000] [id=12988]
  0x0000024267006000 GCTaskThread "GC Thread#2" [stack: 0x000000c82df00000,0x000000c82e000000] [id=16656]
  0x00000242670de000 GCTaskThread "GC Thread#3" [stack: 0x000000c82e000000,0x000000c82e100000] [id=16660]
  0x000002424c49f800 ConcurrentGCThread "G1 Main Marker" [stack: 0x000000c82c900000,0x000000c82ca00000] [id=14832]
  0x000002424c4a1000 ConcurrentGCThread "G1 Conc#0" [stack: 0x000000c82ca00000,0x000000c82cb00000] [id=14096]
  0x000002424c4f4000 ConcurrentGCThread "G1 Refine#0" [stack: 0x000000c82cb00000,0x000000c82cc00000] [id=7332]
  0x000002426774c800 ConcurrentGCThread "G1 Refine#1" [stack: 0x000000c82e100000,0x000000c82e200000] [id=16664]
  0x000002424c4f5000 ConcurrentGCThread "G1 Young RemSet Sampling" [stack: 0x000000c82cc00000,0x000000c82cd00000] [id=10760]

Threads with active compile tasks:
C2 CompilerThread0  1088138 1835   !   4       org.gradle.internal.logging.console.ThrottlingOutputEventListener::onOutput (92 bytes)

VM state:not at safepoint (normal execution)

VM Mutex/Monitor currently owned by a thread: None

Heap address: 0x00000000fc000000, size: 64 MB, Compressed Oops mode: 32-bit
Narrow klass base: 0x0000000000000000, Narrow klass shift: 3
Compressed class space size: 1073741824 Address: 0x0000000100000000

Heap:
 garbage-first heap   total 65536K, used 17141K [0x00000000fc000000, 0x0000000100000000)
  region size 1024K, 12 young (12288K), 5 survivors (5120K)
 Metaspace       used 17215K, capacity 17567K, committed 17664K, reserved 1064960K
  class space    used 1888K, capacity 2031K, committed 2048K, reserved 1048576K
Heap Regions: E=young(eden), S=young(survivor), O=old, HS=humongous(starts), HC=humongous(continues), CS=collection set, F=free, A=archive, TAMS=top-at-mark-start (previous, next)
|   0|0x00000000fc000000, 0x00000000fc100000, 0x00000000fc100000|100%|HS|  |TAMS 0x00000000fc000000, 0x00000000fc000000| Complete 
|   1|0x00000000fc100000, 0x00000000fc200000, 0x00000000fc200000|100%|HC|  |TAMS 0x00000000fc100000, 0x00000000fc100000| Complete 
|   2|0x00000000fc200000, 0x00000000fc300000, 0x00000000fc300000|100%|HC|  |TAMS 0x00000000fc200000, 0x00000000fc200000| Complete 
|   3|0x00000000fc300000, 0x00000000fc400000, 0x00000000fc400000|100%| O|  |TAMS 0x00000000fc300000, 0x00000000fc300000| Untracked 
|   4|0x00000000fc400000, 0x00000000fc500000, 0x00000000fc500000|100%| O|  |TAMS 0x00000000fc400000, 0x00000000fc400000| Untracked 
|   5|0x00000000fc500000, 0x00000000fc5bd600, 0x00000000fc600000| 73%| O|  |TAMS 0x00000000fc500000, 0x00000000fc500000| Untracked 
|   6|0x00000000fc600000, 0x00000000fc600000, 0x00000000fc700000|  0%| F|  |TAMS 0x00000000fc600000, 0x00000000fc600000| Untracked 
|   7|0x00000000fc700000, 0x00000000fc700000, 0x00000000fc800000|  0%| F|  |TAMS 0x00000000fc700000, 0x00000000fc700000| Untracked 
|   8|0x00000000fc800000, 0x00000000fc800000, 0x00000000fc900000|  0%| F|  |TAMS 0x00000000fc800000, 0x00000000fc800000| Untracked 
|   9|0x00000000fc900000, 0x00000000fc900000, 0x00000000fca00000|  0%| F|  |TAMS 0x00000000fc900000, 0x00000000fc900000| Untracked 
|  10|0x00000000fca00000, 0x00000000fca00000, 0x00000000fcb00000|  0%| F|  |TAMS 0x00000000fca00000, 0x00000000fca00000| Untracked 
|  11|0x00000000fcb00000, 0x00000000fcb00000, 0x00000000fcc00000|  0%| F|  |TAMS 0x00000000fcb00000, 0x00000000fcb00000| Untracked 
|  12|0x00000000fcc00000, 0x00000000fcc00000, 0x00000000fcd00000|  0%| F|  |TAMS 0x00000000fcc00000, 0x00000000fcc00000| Untracked 
|  13|0x00000000fcd00000, 0x00000000fcd00000, 0x00000000fce00000|  0%| F|  |TAMS 0x00000000fcd00000, 0x00000000fcd00000| Untracked 
|  14|0x00000000fce00000, 0x00000000fce00000, 0x00000000fcf00000|  0%| F|  |TAMS 0x00000000fce00000, 0x00000000fce00000| Untracked 
|  15|0x00000000fcf00000, 0x00000000fcf00000, 0x00000000fd000000|  0%| F|  |TAMS 0x00000000fcf00000, 0x00000000fcf00000| Untracked 
|  16|0x00000000fd000000, 0x00000000fd000000, 0x00000000fd100000|  0%| F|  |TAMS 0x00000000fd000000, 0x00000000fd000000| Untracked 
|  17|0x00000000fd100000, 0x00000000fd100000, 0x00000000fd200000|  0%| F|  |TAMS 0x00000000fd100000, 0x00000000fd100000| Untracked 
|  18|0x00000000fd200000, 0x00000000fd200000, 0x00000000fd300000|  0%| F|  |TAMS 0x00000000fd200000, 0x00000000fd200000| Untracked 
|  19|0x00000000fd300000, 0x00000000fd300000, 0x00000000fd400000|  0%| F|  |TAMS 0x00000000fd300000, 0x00000000fd300000| Untracked 
|  20|0x00000000fd400000, 0x00000000fd400000, 0x00000000fd500000|  0%| F|  |TAMS 0x00000000fd400000, 0x00000000fd400000| Untracked 
|  21|0x00000000fd500000, 0x00000000fd500000, 0x00000000fd600000|  0%| F|  |TAMS 0x00000000fd500000, 0x00000000fd500000| Untracked 
|  22|0x00000000fd600000, 0x00000000fd700000, 0x00000000fd700000|100%| S|CS|TAMS 0x00000000fd600000, 0x00000000fd600000| Complete 
|  23|0x00000000fd700000, 0x00000000fd800000, 0x00000000fd800000|100%| S|CS|TAMS 0x00000000fd700000, 0x00000000fd700000| Complete 
|  24|0x00000000fd800000, 0x00000000fd900000, 0x00000000fd900000|100%| S|CS|TAMS 0x00000000fd800000, 0x00000000fd800000| Complete 
|  25|0x00000000fd900000, 0x00000000fda00000, 0x00000000fda00000|100%| S|CS|TAMS 0x00000000fd900000, 0x00000000fd900000| Complete 
|  26|0x00000000fda00000, 0x00000000fdb00000, 0x00000000fdb00000|100%| S|CS|TAMS 0x00000000fda00000, 0x00000000fda00000| Complete 
|  27|0x00000000fdb00000, 0x00000000fdb00000, 0x00000000fdc00000|  0%| F|  |TAMS 0x00000000fdb00000, 0x00000000fdb00000| Untracked 
|  28|0x00000000fdc00000, 0x00000000fdc00000, 0x00000000fdd00000|  0%| F|  |TAMS 0x00000000fdc00000, 0x00000000fdc00000| Untracked 
|  29|0x00000000fdd00000, 0x00000000fdd00000, 0x00000000fde00000|  0%| F|  |TAMS 0x00000000fdd00000, 0x00000000fdd00000| Untracked 
|  30|0x00000000fde00000, 0x00000000fde00000, 0x00000000fdf00000|  0%| F|  |TAMS 0x00000000fde00000, 0x00000000fde00000| Untracked 
|  31|0x00000000fdf00000, 0x00000000fdf00000, 0x00000000fe000000|  0%| F|  |TAMS 0x00000000fdf00000, 0x00000000fdf00000| Untracked 
|  32|0x00000000fe000000, 0x00000000fe000000, 0x00000000fe100000|  0%| F|  |TAMS 0x00000000fe000000, 0x00000000fe000000| Untracked 
|  33|0x00000000fe100000, 0x00000000fe100000, 0x00000000fe200000|  0%| F|  |TAMS 0x00000000fe100000, 0x00000000fe100000| Untracked 
|  34|0x00000000fe200000, 0x00000000fe200000, 0x00000000fe300000|  0%| F|  |TAMS 0x00000000fe200000, 0x00000000fe200000| Untracked 
|  35|0x00000000fe300000, 0x00000000fe300000, 0x00000000fe400000|  0%| F|  |TAMS 0x00000000fe300000, 0x00000000fe300000| Untracked 
|  36|0x00000000fe400000, 0x00000000fe400000, 0x00000000fe500000|  0%| F|  |TAMS 0x00000000fe400000, 0x00000000fe400000| Untracked 
|  37|0x00000000fe500000, 0x00000000fe500000, 0x00000000fe600000|  0%| F|  |TAMS 0x00000000fe500000, 0x00000000fe500000| Untracked 
|  38|0x00000000fe600000, 0x00000000fe600000, 0x00000000fe700000|  0%| F|  |TAMS 0x00000000fe600000, 0x00000000fe600000| Untracked 
|  39|0x00000000fe700000, 0x00000000fe700000, 0x00000000fe800000|  0%| F|  |TAMS 0x00000000fe700000, 0x00000000fe700000| Untracked 
|  40|0x00000000fe800000, 0x00000000fe800000, 0x00000000fe900000|  0%| F|  |TAMS 0x00000000fe800000, 0x00000000fe800000| Untracked 
|  41|0x00000000fe900000, 0x00000000fe900000, 0x00000000fea00000|  0%| F|  |TAMS 0x00000000fe900000, 0x00000000fe900000| Untracked 
|  42|0x00000000fea00000, 0x00000000fea00000, 0x00000000feb00000|  0%| F|  |TAMS 0x00000000fea00000, 0x00000000fea00000| Untracked 
|  43|0x00000000feb00000, 0x00000000feb00000, 0x00000000fec00000|  0%| F|  |TAMS 0x00000000feb00000, 0x00000000feb00000| Untracked 
|  44|0x00000000fec00000, 0x00000000fec00000, 0x00000000fed00000|  0%| F|  |TAMS 0x00000000fec00000, 0x00000000fec00000| Untracked 
|  45|0x00000000fed00000, 0x00000000fed00000, 0x00000000fee00000|  0%| F|  |TAMS 0x00000000fed00000, 0x00000000fed00000| Untracked 
|  46|0x00000000fee00000, 0x00000000fee00000, 0x00000000fef00000|  0%| F|  |TAMS 0x00000000fee00000, 0x00000000fee00000| Untracked 
|  47|0x00000000fef00000, 0x00000000fef00000, 0x00000000ff000000|  0%| F|  |TAMS 0x00000000fef00000, 0x00000000fef00000| Untracked 
|  48|0x00000000ff000000, 0x00000000ff000000, 0x00000000ff100000|  0%| F|  |TAMS 0x00000000ff000000, 0x00000000ff000000| Untracked 
|  49|0x00000000ff100000, 0x00000000ff100000, 0x00000000ff200000|  0%| F|  |TAMS 0x00000000ff100000, 0x00000000ff100000| Untracked 
|  50|0x00000000ff200000, 0x00000000ff200000, 0x00000000ff300000|  0%| F|  |TAMS 0x00000000ff200000, 0x00000000ff200000| Untracked 
|  51|0x00000000ff300000, 0x00000000ff300000, 0x00000000ff400000|  0%| F|  |TAMS 0x00000000ff300000, 0x00000000ff300000| Untracked 
|  52|0x00000000ff400000, 0x00000000ff400000, 0x00000000ff500000|  0%| F|  |TAMS 0x00000000ff400000, 0x00000000ff400000| Untracked 
|  53|0x00000000ff500000, 0x00000000ff500000, 0x00000000ff600000|  0%| F|  |TAMS 0x00000000ff500000, 0x00000000ff500000| Untracked 
|  54|0x00000000ff600000, 0x00000000ff600000, 0x00000000ff700000|  0%| F|  |TAMS 0x00000000ff600000, 0x00000000ff600000| Untracked 
|  55|0x00000000ff700000, 0x00000000ff700000, 0x00000000ff800000|  0%| F|  |TAMS 0x00000000ff700000, 0x00000000ff700000| Untracked 
|  56|0x00000000ff800000, 0x00000000ff800000, 0x00000000ff900000|  0%| F|  |TAMS 0x00000000ff800000, 0x00000000ff800000| Untracked 
|  57|0x00000000ff900000, 0x00000000ff9c7050, 0x00000000ffa00000| 77%| E|  |TAMS 0x00000000ff900000, 0x00000000ff900000| Complete 
|  58|0x00000000ffa00000, 0x00000000ffb00000, 0x00000000ffb00000|100%| E|CS|TAMS 0x00000000ffa00000, 0x00000000ffa00000| Complete 
|  59|0x00000000ffb00000, 0x00000000ffc00000, 0x00000000ffc00000|100%| E|CS|TAMS 0x00000000ffb00000, 0x00000000ffb00000| Complete 
|  60|0x00000000ffc00000, 0x00000000ffd00000, 0x00000000ffd00000|100%| E|CS|TAMS 0x00000000ffc00000, 0x00000000ffc00000| Complete 
|  61|0x00000000ffd00000, 0x00000000ffe00000, 0x00000000ffe00000|100%| E|CS|TAMS 0x00000000ffd00000, 0x00000000ffd00000| Complete 
|  62|0x00000000ffe00000, 0x00000000fff00000, 0x00000000fff00000|100%| E|CS|TAMS 0x00000000ffe00000, 0x00000000ffe00000| Complete 
|  63|0x00000000fff00000, 0x0000000100000000, 0x0000000100000000|100%| E|CS|TAMS 0x00000000fff00000, 0x00000000fff00000| Complete 

Card table byte_map: [0x000002424c290000,0x000002424c2b0000] _byte_map_base: 0x000002424bab0000

Marking Bits (Prev, Next): (CMBitMap*) 0x000002424c49e638, (CMBitMap*) 0x000002424c49e670
 Prev Bits: [0x000002424c2d0000, 0x000002424c3d0000)
 Next Bits: [0x0000024263c00000, 0x0000024263d00000)

Polling page: 0x000002424a5e0000

Metaspace:

Usage:
  Non-class:     15.17 MB capacity,    14.97 MB ( 99%) used,   182.75 KB (  1%) free+waste,    26.19 KB ( <1%) overhead. 
      Class:      1.98 MB capacity,     1.84 MB ( 93%) used,   129.77 KB (  6%) free+waste,    12.75 KB ( <1%) overhead. 
       Both:     17.16 MB capacity,    16.81 MB ( 98%) used,   312.52 KB (  2%) free+waste,    38.94 KB ( <1%) overhead. 

Virtual space:
  Non-class space:       16.00 MB reserved,      15.25 MB ( 95%) committed 
      Class space:        1.00 GB reserved,       2.00 MB ( <1%) committed 
             Both:        1.02 GB reserved,      17.25 MB (  2%) committed 

Chunk freelists:
   Non-Class:  16.00 KB
       Class:  17.00 KB
        Both:  33.00 KB

MaxMetaspaceSize: 17179869184.00 GB
CompressedClassSpaceSize: 1.00 GB
Initial GC threshold: 20.80 MB
Current GC threshold: 20.80 MB
CDS: off

CodeHeap 'non-profiled nmethods': size=120064Kb used=741Kb max_used=741Kb free=119322Kb
 bounds [0x000002425c6c0000, 0x000002425c930000, 0x0000024263c00000]
CodeHeap 'profiled nmethods': size=120000Kb used=3665Kb max_used=3665Kb free=116334Kb
 bounds [0x0000024255190000, 0x0000024255530000, 0x000002425c6c0000]
CodeHeap 'non-nmethods': size=5696Kb used=1170Kb max_used=1191Kb free=4525Kb
 bounds [0x0000024254c00000, 0x0000024254e70000, 0x0000024255190000]
 total_blobs=2260 nmethods=1824 adapters=349
 compilation: enabled
              stopped_count=0, restarted_count=0
 full_count=0

Compilation events (20 events):
Event: 942.781 Thread 0x0000024266b17000 nmethod 1825 0x0000024255522d10 code [0x0000024255522f80, 0x0000024255523928]
Event: 967.902 Thread 0x0000024266b15800 1826       4       org.gradle.internal.operations.OperationIdentifier::equals (47 bytes)
Event: 967.903 Thread 0x0000024266b15800 nmethod 1826 0x000002425c774610 code [0x000002425c7747a0, 0x000002425c774878]
Event: 982.392 Thread 0x0000024266b15800 1827       4       java.nio.ByteBuffer::position (8 bytes)
Event: 982.393 Thread 0x0000024266b15800 nmethod 1827 0x000002425c774990 code [0x000002425c774b20, 0x000002425c774bd8]
Event: 982.481 Thread 0x0000024266b15800 1828       4       org.gradle.internal.logging.text.AbstractStyledTextOutput::doStyleChange (1 bytes)
Event: 982.482 Thread 0x0000024266b15800 nmethod 1828 0x000002425c774d10 code [0x000002425c774ea0, 0x000002425c774ef8]
Event: 982.482 Thread 0x0000024266b15800 1829       4       java.util.ArrayList$Itr::next (66 bytes)
Event: 982.484 Thread 0x0000024266b15800 nmethod 1829 0x000002425c775010 code [0x000002425c7751a0, 0x000002425c7752b8]
Event: 1021.782 Thread 0x0000024266b15800 1830       4       java.util.ArrayDeque::pollFirst (36 bytes)
Event: 1021.784 Thread 0x0000024266b15800 nmethod 1830 0x000002425c775410 code [0x000002425c7755a0, 0x000002425c775698]
Event: 1023.795 Thread 0x0000024266b15800 1831       4       java.lang.AbstractStringBuilder::append (45 bytes)
Event: 1023.803 Thread 0x0000024266b15800 nmethod 1831 0x000002425c775790 code [0x000002425c775960, 0x000002425c775fe8]
Event: 1055.390 Thread 0x0000024266b15800 1832       4       org.gradle.internal.logging.sink.GroupingProgressLogEventGenerator::onUpdateNow (54 bytes)
Event: 1055.455 Thread 0x0000024266b15800 nmethod 1832 0x000002425c776310 code [0x000002425c776600, 0x000002425c777eb0]
Event: 1064.071 Thread 0x0000024266b17000 1833       3       org.gradle.internal.logging.sink.GroupingProgressLogEventGenerator$OperationGroup::statusHasChanged (20 bytes)
Event: 1064.071 Thread 0x0000024266b17000 nmethod 1833 0x0000024255523c90 code [0x0000024255523e40, 0x0000024255523fe8]
Event: 1064.071 Thread 0x0000024266b17000 1834       3       org.gradle.internal.logging.sink.GroupingProgressLogEventGenerator$OperationGroup::statusIsFailed (20 bytes)
Event: 1064.071 Thread 0x0000024266b17000 nmethod 1834 0x0000024255524090 code [0x0000024255524260, 0x00000242555244e8]
Event: 1087.883 Thread 0x0000024266b15800 1835   !   4       org.gradle.internal.logging.console.ThrottlingOutputEventListener::onOutput (92 bytes)

GC Heap History (4 events):
Event: 2.108 GC heap before
{Heap before GC invocations=0 (full 0):
 garbage-first heap   total 65536K, used 16384K [0x00000000fc000000, 0x0000000100000000)
  region size 1024K, 14 young (14336K), 0 survivors (0K)
 Metaspace       used 7670K, capacity 7889K, committed 7936K, reserved 1056768K
  class space    used 672K, capacity 754K, committed 768K, reserved 1048576K
}
Event: 2.301 GC heap after
{Heap after GC invocations=1 (full 0):
 garbage-first heap   total 65536K, used 3322K [0x00000000fc000000, 0x0000000100000000)
  region size 1024K, 2 young (2048K), 2 survivors (2048K)
 Metaspace       used 7670K, capacity 7889K, committed 7936K, reserved 1056768K
  class space    used 672K, capacity 754K, committed 768K, reserved 1048576K
}
Event: 37.834 GC heap before
{Heap before GC invocations=1 (full 0):
 garbage-first heap   total 65536K, used 42234K [0x00000000fc000000, 0x0000000100000000)
  region size 1024K, 37 young (37888K), 2 survivors (2048K)
 Metaspace       used 16685K, capacity 17070K, committed 17152K, reserved 1064960K
  class space    used 1856K, capacity 1993K, committed 2048K, reserved 1048576K
}
Event: 37.920 GC heap after
{Heap after GC invocations=2 (full 0):
 garbage-first heap   total 65536K, used 10997K [0x00000000fc000000, 0x0000000100000000)
  region size 1024K, 5 young (5120K), 5 survivors (5120K)
 Metaspace       used 16685K, capacity 17070K, committed 17152K, reserved 1064960K
  class space    used 1856K, capacity 1993K, committed 2048K, reserved 1048576K
}

Deoptimization events (20 events):
Event: 16.541 Thread 0x0000024267c9c800 Uncommon trap: trap_request=0xffffff4d fr.pc=0x000002425c71c478 relative=0x0000000000000058
Event: 16.541 Thread 0x0000024267c9c800 Uncommon trap: reason=unstable_if action=reinterpret pc=0x000002425c71c478 method=java.lang.AbstractStringBuilder.isLatin1()Z @ 10 c2
Event: 16.541 Thread 0x0000024267c9c800 DEOPT PACKING pc=0x000002425c71c478 sp=0x000000c82dafeb70
Event: 16.541 Thread 0x0000024267c9c800 DEOPT UNPACKING pc=0x0000024254c4a1af sp=0x000000c82dafeb00 mode 2
Event: 16.541 Thread 0x0000024267c9c800 Uncommon trap: trap_request=0xffffff4d fr.pc=0x000002425c6f95ec relative=0x00000000000000cc
Event: 16.541 Thread 0x0000024267c9c800 Uncommon trap: reason=unstable_if action=reinterpret pc=0x000002425c6f95ec method=java.lang.String.getBytes([BIB)V @ 5 c2
Event: 16.541 Thread 0x0000024267c9c800 DEOPT PACKING pc=0x000002425c6f95ec sp=0x000000c82dafebb0
Event: 16.541 Thread 0x0000024267c9c800 DEOPT UNPACKING pc=0x0000024254c4a1af sp=0x000000c82dafeb58 mode 2
Event: 16.542 Thread 0x0000024267c9c800 Uncommon trap: trap_request=0xffffff4d fr.pc=0x000002425c727938 relative=0x0000000000000378
Event: 16.542 Thread 0x0000024267c9c800 Uncommon trap: reason=unstable_if action=reinterpret pc=0x000002425c727938 method=java.lang.AbstractStringBuilder.isLatin1()Z @ 10 c2
Event: 16.542 Thread 0x0000024267c9c800 DEOPT PACKING pc=0x000002425c727938 sp=0x000000c82dafec70
Event: 16.542 Thread 0x0000024267c9c800 DEOPT UNPACKING pc=0x0000024254c4a1af sp=0x000000c82dafebf0 mode 2
Event: 36.060 Thread 0x0000024267c9c800 Uncommon trap: trap_request=0xffffff4d fr.pc=0x000002425c6ce59c relative=0x000000000000007c
Event: 36.060 Thread 0x0000024267c9c800 Uncommon trap: reason=unstable_if action=reinterpret pc=0x000002425c6ce59c method=java.lang.String.codePointAt(I)I @ 4 c2
Event: 36.060 Thread 0x0000024267c9c800 DEOPT PACKING pc=0x000002425c6ce59c sp=0x000000c82dafebf0
Event: 36.060 Thread 0x0000024267c9c800 DEOPT UNPACKING pc=0x0000024254c4a1af sp=0x000000c82dafeb88 mode 2
Event: 737.576 Thread 0x000002426783f800 Uncommon trap: trap_request=0xffffff4d fr.pc=0x000002425c7592fc relative=0x00000000000016bc
Event: 737.576 Thread 0x000002426783f800 Uncommon trap: reason=unstable_if action=reinterpret pc=0x000002425c7592fc method=org.gradle.internal.logging.sink.GroupingProgressLogEventGenerator$OperationGroup.shouldForward()Z @ 19 c2
Event: 737.577 Thread 0x000002426783f800 DEOPT PACKING pc=0x000002425c7592fc sp=0x000000c82d9ff050
Event: 737.578 Thread 0x000002426783f800 DEOPT UNPACKING pc=0x0000024254c4a1af sp=0x000000c82d9fecd8 mode 2

Classes redefined (0 events):
No events

Internal exceptions (20 events):
Event: 1027.505 Thread 0x000002426783f800 Exception <a 'java/io/IOException'{0x00000000ff99d2f8}> (0x00000000ff99d2f8) thrown at [./src/hotspot/share/prims/jni.cpp, line 617]
Event: 1027.505 Thread 0x000002426783f800 Exception <a 'java/io/IOException'{0x00000000ff99d8b0}> (0x00000000ff99d8b0) thrown at [./src/hotspot/share/prims/jni.cpp, line 617]
Event: 1027.505 Thread 0x000002426783f800 Exception <a 'java/io/IOException'{0x00000000ff99dc68}> (0x00000000ff99dc68) thrown at [./src/hotspot/share/prims/jni.cpp, line 617]
Event: 1027.505 Thread 0x000002426783f800 Exception <a 'java/io/IOException'{0x00000000ff99e220}> (0x00000000ff99e220) thrown at [./src/hotspot/share/prims/jni.cpp, line 617]
Event: 1027.580 Thread 0x000002426783f800 Exception <a 'java/io/IOException'{0x00000000ff99ebd8}> (0x00000000ff99ebd8) thrown at [./src/hotspot/share/prims/jni.cpp, line 617]
Event: 1027.580 Thread 0x000002426783f800 Exception <a 'java/io/IOException'{0x00000000ff99f190}> (0x00000000ff99f190) thrown at [./src/hotspot/share/prims/jni.cpp, line 617]
Event: 1027.580 Thread 0x000002426783f800 Exception <a 'java/io/IOException'{0x00000000ff99f800}> (0x00000000ff99f800) thrown at [./src/hotspot/share/prims/jni.cpp, line 617]
Event: 1027.580 Thread 0x000002426783f800 Exception <a 'java/io/IOException'{0x00000000ff99fdb8}> (0x00000000ff99fdb8) thrown at [./src/hotspot/share/prims/jni.cpp, line 617]
Event: 1027.580 Thread 0x000002426783f800 Exception <a 'java/io/IOException'{0x00000000ff9a0170}> (0x00000000ff9a0170) thrown at [./src/hotspot/share/prims/jni.cpp, line 617]
Event: 1027.580 Thread 0x000002426783f800 Exception <a 'java/io/IOException'{0x00000000ff9a0728}> (0x00000000ff9a0728) thrown at [./src/hotspot/share/prims/jni.cpp, line 617]
Event: 1027.580 Thread 0x000002426783f800 Exception <a 'java/io/IOException'{0x00000000ff9a10d8}> (0x00000000ff9a10d8) thrown at [./src/hotspot/share/prims/jni.cpp, line 617]
Event: 1027.580 Thread 0x000002426783f800 Exception <a 'java/io/IOException'{0x00000000ff9a1690}> (0x00000000ff9a1690) thrown at [./src/hotspot/share/prims/jni.cpp, line 617]
Event: 1027.580 Thread 0x000002426783f800 Exception <a 'java/io/IOException'{0x00000000ff9a1a58}> (0x00000000ff9a1a58) thrown at [./src/hotspot/share/prims/jni.cpp, line 617]
Event: 1027.580 Thread 0x000002426783f800 Exception <a 'java/io/IOException'{0x00000000ff9a2010}> (0x00000000ff9a2010) thrown at [./src/hotspot/share/prims/jni.cpp, line 617]
Event: 1027.580 Thread 0x000002426783f800 Exception <a 'java/io/IOException'{0x00000000ff9a23c8}> (0x00000000ff9a23c8) thrown at [./src/hotspot/share/prims/jni.cpp, line 617]
Event: 1027.580 Thread 0x000002426783f800 Exception <a 'java/io/IOException'{0x00000000ff9a2980}> (0x00000000ff9a2980) thrown at [./src/hotspot/share/prims/jni.cpp, line 617]
Event: 1057.572 Thread 0x000002426783f800 Exception <a 'java/io/IOException'{0x00000000ff9a9508}> (0x00000000ff9a9508) thrown at [./src/hotspot/share/prims/jni.cpp, line 617]
Event: 1057.575 Thread 0x000002426783f800 Exception <a 'java/io/IOException'{0x00000000ff9a9ac0}> (0x00000000ff9a9ac0) thrown at [./src/hotspot/share/prims/jni.cpp, line 617]
Event: 1057.575 Thread 0x000002426783f800 Exception <a 'java/io/IOException'{0x00000000ff9aa120}> (0x00000000ff9aa120) thrown at [./src/hotspot/share/prims/jni.cpp, line 617]
Event: 1057.575 Thread 0x000002426783f800 Exception <a 'java/io/IOException'{0x00000000ff9aa6d8}> (0x00000000ff9aa6d8) thrown at [./src/hotspot/share/prims/jni.cpp, line 617]

Events (20 events):
Event: 521.692 loading class java/io/ObjectInputStream$BlockDataInputStream
Event: 521.695 loading class java/io/ObjectInputStream$BlockDataInputStream done
Event: 521.696 loading class java/io/ObjectInputStream$PeekInputStream
Event: 521.696 loading class java/io/ObjectInputStream$PeekInputStream done
Event: 521.698 loading class java/io/ObjectInputStream$HandleTable
Event: 521.698 loading class java/io/ObjectInputStream$HandleTable done
Event: 521.698 loading class java/io/ObjectInputStream$HandleTable$HandleList
Event: 521.698 loading class java/io/ObjectInputStream$HandleTable$HandleList done
Event: 521.699 loading class java/io/ObjectInputStream$ValidationList
Event: 521.699 loading class java/io/ObjectInputStream$ValidationList done
Event: 521.699 loading class java/io/ObjectInputFilter$Config
Event: 521.701 loading class java/io/ObjectInputFilter$Config done
Event: 521.701 loading class java/io/ObjectInputFilter
Event: 521.701 loading class java/io/ObjectInputFilter done
Event: 521.726 loading class jdk/internal/misc/JavaObjectInputFilterAccess
Event: 521.727 loading class jdk/internal/misc/JavaObjectInputFilterAccess done
Event: 521.731 loading class java/io/Bits
Event: 521.732 loading class java/io/Bits done
Event: 521.732 loading class org/gradle/internal/serialize/ExceptionReplacingObjectInputStream$1
Event: 521.732 loading class org/gradle/internal/serialize/ExceptionReplacingObjectInputStream$1 done


Dynamic libraries:
0x00007ff6deb50000 - 0x00007ff6deb5d000 	C:\Program Files\Microsoft\jdk-11.0.18.10-hotspot\bin\java.exe
0x00007ffd66310000 - 0x00007ffd66508000 	C:\WINDOWS\SYSTEM32\ntdll.dll
0x00007ffd65d90000 - 0x00007ffd65e4f000 	C:\WINDOWS\System32\KERNEL32.DLL
0x00007ffd63e70000 - 0x00007ffd64166000 	C:\WINDOWS\System32\KERNELBASE.dll
0x00007ffd63cb0000 - 0x00007ffd63db0000 	C:\WINDOWS\System32\ucrtbase.dll
0x00007ffd4f350000 - 0x00007ffd4f367000 	C:\Program Files\Microsoft\jdk-11.0.18.10-hotspot\bin\jli.dll
0x00007ffd64780000 - 0x00007ffd6491d000 	C:\WINDOWS\System32\USER32.dll
0x00007ffd639f0000 - 0x00007ffd63a12000 	C:\WINDOWS\System32\win32u.dll
0x00007ffd64c60000 - 0x00007ffd64c8c000 	C:\WINDOWS\System32\GDI32.dll
0x00007ffd63ae0000 - 0x00007ffd63bf5000 	C:\WINDOWS\System32\gdi32full.dll
0x00007ffd64170000 - 0x00007ffd6420d000 	C:\WINDOWS\System32\msvcp_win.dll
0x00007ffd49bb0000 - 0x00007ffd49bc5000 	C:\Program Files\Microsoft\jdk-11.0.18.10-hotspot\bin\VCRUNTIME140.dll
0x00007ffd54880000 - 0x00007ffd54b1a000 	C:\WINDOWS\WinSxS\amd64_microsoft.windows.common-controls_6595b64144ccf1df_6.0.19041.1110_none_60b5254171f9507e\COMCTL32.dll
0x00007ffd65cf0000 - 0x00007ffd65d8e000 	C:\WINDOWS\System32\msvcrt.dll
0x00007ffd64370000 - 0x00007ffd643a0000 	C:\WINDOWS\System32\IMM32.DLL
0x00007ffd44db0000 - 0x00007ffd44e4b000 	C:\Program Files\Microsoft\jdk-11.0.18.10-hotspot\bin\msvcp140.dll
0x00007ffcf1f00000 - 0x00007ffcf2a92000 	C:\Program Files\Microsoft\jdk-11.0.18.10-hotspot\bin\server\jvm.dll
0x00007ffd643a0000 - 0x00007ffd6444f000 	C:\WINDOWS\System32\ADVAPI32.dll
0x00007ffd65990000 - 0x00007ffd65a2c000 	C:\WINDOWS\System32\sechost.dll
0x00007ffd65b10000 - 0x00007ffd65c36000 	C:\WINDOWS\System32\RPCRT4.dll
0x00007ffd65e50000 - 0x00007ffd65e58000 	C:\WINDOWS\System32\PSAPI.DLL
0x00007ffd54da0000 - 0x00007ffd54da9000 	C:\WINDOWS\SYSTEM32\WSOCK32.dll
0x00007ffd651d0000 - 0x00007ffd6523b000 	C:\WINDOWS\System32\WS2_32.dll
0x00007ffd576b0000 - 0x00007ffd576d7000 	C:\WINDOWS\SYSTEM32\WINMM.dll
0x00007ffd55190000 - 0x00007ffd5519a000 	C:\WINDOWS\SYSTEM32\VERSION.dll
0x00007ffd61880000 - 0x00007ffd61892000 	C:\WINDOWS\SYSTEM32\kernel.appcore.dll
0x00007ffd53920000 - 0x00007ffd53930000 	C:\Program Files\Microsoft\jdk-11.0.18.10-hotspot\bin\verify.dll
0x00007ffd53170000 - 0x00007ffd53354000 	C:\WINDOWS\SYSTEM32\DBGHELP.DLL
0x00007ffd52d00000 - 0x00007ffd52d34000 	C:\WINDOWS\SYSTEM32\dbgcore.DLL
0x00007ffd63a50000 - 0x00007ffd63ad2000 	C:\WINDOWS\System32\bcryptPrimitives.dll
0x00007ffd46150000 - 0x00007ffd46178000 	C:\Program Files\Microsoft\jdk-11.0.18.10-hotspot\bin\java.dll
0x00007ffd537b0000 - 0x00007ffd537ba000 	C:\Program Files\Microsoft\jdk-11.0.18.10-hotspot\bin\jimage.dll
0x00007ffd49b90000 - 0x00007ffd49ba8000 	C:\Program Files\Microsoft\jdk-11.0.18.10-hotspot\bin\zip.dll
0x00007ffd65240000 - 0x00007ffd65984000 	C:\WINDOWS\System32\SHELL32.dll
0x00007ffd61a80000 - 0x00007ffd62213000 	C:\WINDOWS\SYSTEM32\windows.storage.dll
0x00007ffd64c90000 - 0x00007ffd64fe4000 	C:\WINDOWS\System32\combase.dll
0x00007ffd63280000 - 0x00007ffd632ae000 	C:\WINDOWS\SYSTEM32\Wldp.dll
0x00007ffd646d0000 - 0x00007ffd6477d000 	C:\WINDOWS\System32\SHCORE.dll
0x00007ffd650f0000 - 0x00007ffd65145000 	C:\WINDOWS\System32\shlwapi.dll
0x00007ffd63930000 - 0x00007ffd6394f000 	C:\WINDOWS\SYSTEM32\profapi.dll
0x00007ffd478f0000 - 0x00007ffd47909000 	C:\Program Files\Microsoft\jdk-11.0.18.10-hotspot\bin\net.dll
0x00007ffd5d860000 - 0x00007ffd5d96a000 	C:\WINDOWS\SYSTEM32\WINHTTP.dll
0x00007ffd63060000 - 0x00007ffd630ca000 	C:\WINDOWS\system32\mswsock.dll
0x00007ffd471e0000 - 0x00007ffd471f3000 	C:\Program Files\Microsoft\jdk-11.0.18.10-hotspot\bin\nio.dll
0x00007ffd50a50000 - 0x00007ffd50a77000 	C:\Users\DELL\.gradle\native\e1d6ef7f7dcc3fd88c89a11ec53ec762bb8ba0a96d01ffa2cd45eb1d1d8dd5c5\windows-amd64\native-platform.dll
0x00007ffd4f3b0000 - 0x00007ffd4f3b9000 	C:\Program Files\Microsoft\jdk-11.0.18.10-hotspot\bin\management.dll
0x00007ffd49450000 - 0x00007ffd4945b000 	C:\Program Files\Microsoft\jdk-11.0.18.10-hotspot\bin\management_ext.dll
0x00007ffd635d0000 - 0x00007ffd635e8000 	C:\WINDOWS\SYSTEM32\CRYPTSP.dll
0x00007ffd629a0000 - 0x00007ffd629d4000 	C:\WINDOWS\system32\rsaenh.dll
0x00007ffd63a20000 - 0x00007ffd63a47000 	C:\WINDOWS\System32\bcrypt.dll
0x00007ffd638b0000 - 0x00007ffd638de000 	C:\WINDOWS\SYSTEM32\USERENV.dll
0x00007ffd631f0000 - 0x00007ffd631fc000 	C:\WINDOWS\SYSTEM32\CRYPTBASE.dll
0x00007ffd62d70000 - 0x00007ffd62dac000 	C:\WINDOWS\SYSTEM32\IPHLPAPI.DLL
0x00007ffd64450000 - 0x00007ffd64458000 	C:\WINDOWS\System32\NSI.dll
0x00007ffd5d990000 - 0x00007ffd5d9a7000 	C:\WINDOWS\SYSTEM32\dhcpcsvc6.DLL
0x00007ffd5d730000 - 0x00007ffd5d74d000 	C:\WINDOWS\SYSTEM32\dhcpcsvc.DLL
0x00007ffd62db0000 - 0x00007ffd62e7a000 	C:\WINDOWS\SYSTEM32\DNSAPI.dll

dbghelp: loaded successfully - version: 4.0.5 - missing functions: none
symbol engine: initialized successfully - sym options: 0x614 - pdb path: .;C:\Program Files\Microsoft\jdk-11.0.18.10-hotspot\bin;C:\WINDOWS\SYSTEM32;C:\WINDOWS\WinSxS\amd64_microsoft.windows.common-controls_6595b64144ccf1df_6.0.19041.1110_none_60b5254171f9507e;C:\Program Files\Microsoft\jdk-11.0.18.10-hotspot\bin\server;C:\Users\DELL\.gradle\native\e1d6ef7f7dcc3fd88c89a11ec53ec762bb8ba0a96d01ffa2cd45eb1d1d8dd5c5\windows-amd64

VM Arguments:
jvm_args: -Xmx64m -Xms64m -Dorg.gradle.appname=gradlew 
java_command: org.gradle.wrapper.GradleWrapperMain app:installDebug -PreactNativeDevServerPort=8081
java_class_path (initial): C:\Users\DELL\Desktop\React_Applications\BullsEye\BullsEye\android\\gradle\wrapper\gradle-wrapper.jar
Launcher Type: SUN_STANDARD

[Global flags]
     intx CICompilerCount                          = 3                                         {product} {ergonomic}
     uint ConcGCThreads                            = 1                                         {product} {ergonomic}
     uint G1ConcRefinementThreads                  = 4                                         {product} {ergonomic}
   size_t G1HeapRegionSize                         = 1048576                                   {product} {ergonomic}
    uintx GCDrainStackTargetSize                   = 64                                        {product} {ergonomic}
   size_t InitialHeapSize                          = 67108864                                  {product} {command line}
   size_t MarkStackSize                            = 4194304                                   {product} {ergonomic}
   size_t MaxHeapSize                              = 67108864                                  {product} {command line}
   size_t MaxNewSize                               = 39845888                                  {product} {ergonomic}
   size_t MinHeapDeltaBytes                        = 1048576                                   {product} {ergonomic}
    uintx NonNMethodCodeHeapSize                   = 5830732                                {pd product} {ergonomic}
    uintx NonProfiledCodeHeapSize                  = 122913754                              {pd product} {ergonomic}
    uintx ProfiledCodeHeapSize                     = 122913754                              {pd product} {ergonomic}
    uintx ReservedCodeCacheSize                    = 251658240                              {pd product} {ergonomic}
     bool SegmentedCodeCache                       = true                                      {product} {ergonomic}
     bool UseCompressedClassPointers               = true                                 {lp64_product} {ergonomic}
     bool UseCompressedOops                        = true                                 {lp64_product} {ergonomic}
     bool UseG1GC                                  = true                                      {product} {ergonomic}
     bool UseLargePagesIndividualAllocation        = false                                  {pd product} {ergonomic}

Logging:
Log output configuration:
 #0: stdout all=warning uptime,level,tags
 #1: stderr all=off uptime,level,tags

Environment Variables:
JAVA_HOME=C:\Program Files\Microsoft\jdk-11.0.18.10-hotspot\
CLASSPATH=C:\Users\DELL\Desktop\React_Applications\BullsEye\BullsEye\android\\gradle\wrapper\gradle-wrapper.jar
PATH=C:\Users\DELL\Desktop\React_Applications\BullsEye\BullsEye\android\node_modules\.bin;C:\Users\DELL\Desktop\React_Applications\BullsEye\BullsEye\node_modules\.bin;C:\Users\DELL\Desktop\React_Applications\BullsEye\node_modules\.bin;C:\Users\DELL\Desktop\React_Applications\node_modules\.bin;C:\Users\DELL\Desktop\node_modules\.bin;C:\Users\DELL\node_modules\.bin;C:\Users\node_modules\.bin;C:\node_modules\.bin;C:\Program Files\nodejs;C:\Users\DELL\Desktop\React_Applications\BullsEye\BullsEye\node_modules\.bin;C:\Users\DELL\Desktop\React_Applications\BullsEye\BullsEye\node_modules\.bin;C:\Users\DELL\Desktop\React_Applications\BullsEye\node_modules\.bin;C:\Users\DELL\Desktop\React_Applications\node_modules\.bin;C:\Users\DELL\Desktop\node_modules\.bin;C:\Users\DELL\node_modules\.bin;C:\Users\node_modules\.bin;C:\node_modules\.bin;C:\Users\DELL\AppData\Roaming\npm\node_modules\npm\node_modules\@npmcli\run-script\lib\node-gyp-bin;C:\Users\DELL\Desktop\React_Applications\BullsEye\BullsEye\node_modules\.bin;C:\Users\DELL\Desktop\React_Applications\BullsEye\node_modules\.bin;C:\Users\DELL\Desktop\React_Applications\node_modules\.bin;C:\Users\DELL\Desktop\node_modules\.bin;C:\Users\DELL\node_modules\.bin;C:\Users\node_modules\.bin;C:\node_modules\.bin;C:\Program Files\nodejs;C:\Users\DELL\Desktop\React_Applications\BullsEye\BullsEye\node_modules\.bin;C:\Users\DELL\Desktop\React_Applications\BullsEye\node_modules\.bin;C:\Users\DELL\Desktop\React_Applications\node_modules\.bin;C:\Users\DELL\Desktop\node_modules\.bin;C:\Users\DELL\node_modules\.bin;C:\Users\node_modules\.bin;C:\node_modules\.bin;C:\Users\DELL\AppData\Roaming\npm\node_modules\npm\node_modules\@npmcli\run-script\lib\node-gyp-bin;C:\Program Files\Microsoft\jdk-11.0.18.10-hotspot\bin;C:\WINDOWS\system32;C:\WINDOWS;C:\WINDOWS\System32\Wbem;C:\WINDOWS\System32\WindowsPowerShell\v1.0\;C:\WINDOWS\System32\OpenSSH\;C:\ProgramData\chocolatey\bin;C:\Program Files\nodejs\;C:\Program Files\Git\cmd;C:\Users\DELL\AppData\Local\M
USERNAME=DELL
LANG=en_US.UTF-8
OS=Windows_NT
PROCESSOR_IDENTIFIER=Intel64 Family 6 Model 60 Stepping 3, GenuineIntel
TMP=C:\Users\DELL\AppData\Local\Temp
TEMP=C:\Users\DELL\AppData\Local\Temp



---------------  S Y S T E M  ---------------

OS: Windows 10 , 64 bit Build 19041 (10.0.19041.3031)
OS uptime: 0 days 0:53 hours
Hyper-V role detected

CPU:total 4 (initial active 4) (4 cores per cpu, 1 threads per core) family 6 model 60 stepping 3 microcode 0x27, cmov, cx8, fxsr, mmx, sse, sse2, sse3, ssse3, sse4.1, sse4.2, popcnt, avx, avx2, aes, clmul, erms, lzcnt, tsc, tscinvbit, bmi1, bmi2, fma

Memory: 4k page, system-wide physical 8110M (297M free)
TotalPageFile size 20538M (AvailPageFile size 0M)
current process WorkingSet (physical memory assigned to process): 17M, peak: 102M
current process commit charge ("private bytes"): 157M, peak: 158M

vm_info: OpenJDK 64-Bit Server VM (11.0.18+10-LTS) for windows-amd64 JRE (11.0.18+10-LTS), built on Jan 18 2023 15:56:47 by "MicrosoftCorporation" with MS VC++ 15.9 (VS2017)

END.
